<?xml version="1.0" encoding="UTF-8"?>
<!-- Generated by org.testng.reporters.JUnitReportReporter -->
<testsuite hostname="DESKTOP-HSOGNKM" failures="0" tests="2" name="Page_objects.E_Bay_page" time="97.639" errors="0" timestamp="2024-02-25T12:18:36 IST" skipped="0">
  <testcase classname="Page_objects.E_Bay_page" name="filters_validation" time="80.765"/>
  <testcase classname="Page_objects.E_Bay_page" name="search_validation" time="16.874"/>
</testsuite> <!-- Page_objects.E_Bay_page -->
