<?xml version="1.0" encoding="UTF-8"?>
<!-- Generated by org.testng.reporters.JUnitReportReporter -->
<testsuite hostname="DESKTOP-HSOGNKM" failures="0" tests="2" name="Test_Scripts.Validate_ebay" time="99.110" errors="0" timestamp="2024-02-25T12:24:36 IST" skipped="0">
  <testcase classname="Test_Scripts.Validate_ebay" name="filters" time="82.874"/>
  <testcase classname="Test_Scripts.Validate_ebay" name="search" time="16.236"/>
</testsuite> <!-- Test_Scripts.Validate_ebay -->
